<?xml version="1.0" encoding="UTF-8"?>
<!-- Generated by org.testng.reporters.JUnitXMLReporter -->
<testsuite ignored="0" hostname="LAPTOP-6HGSRUMI" failures="0" tests="4" name="Default test" time="83.83" errors="0" timestamp="2022-10-11T20:00:05 IST">
  <testcase classname="TestFlipkart" name="LaunchChrome" time="2.016"/>
  <testcase classname="TestFlipkart" name="LaunchEdge" time="4.012"/>
  <testcase classname="TestFlipkart" name="Chrome" time="13.176"/>
  <testcase classname="TestFlipkart" name="Edge" time="64.589"/>
</testsuite> <!-- Default test -->
